0 info it worked if it ends with ok
1 verbose cli [ 'C:\\Program Files\\nodejs\\node.exe',
1 verbose cli   'C:\\Program Files\\nodejs\\node_modules\\npm\\bin\\npm-cli.js',
1 verbose cli   'start' ]
2 info using npm@3.3.12
3 info using node@v5.2.0
4 verbose run-script [ 'prestart', 'start', 'poststart' ]
5 info lifecycle layer-webhooks-examples@1.0.0~prestart: layer-webhooks-examples@1.0.0
6 silly lifecycle layer-webhooks-examples@1.0.0~prestart: no script for prestart, continuing
7 info lifecycle layer-webhooks-examples@1.0.0~start: layer-webhooks-examples@1.0.0
8 verbose lifecycle layer-webhooks-examples@1.0.0~start: unsafe-perm in lifecycle true
9 verbose lifecycle layer-webhooks-examples@1.0.0~start: PATH: C:\Program Files\nodejs\node_modules\npm\bin\node-gyp-bin;F:\dev\projects\examples\layer-test\node_modules\.bin;C:\ProgramData\Oracle\Java\javapath;C:\WINDOWS\system32;C:\WINDOWS;C:\WINDOWS\System32\Wbem;C:\WINDOWS\System32\WindowsPowerShell\v1.0\;C:\Program Files\WIDCOMM\Bluetooth Software\;C:\Program Files\WIDCOMM\Bluetooth Software\syswow64;C:\Program Files (x86)\Skype\Phone\;C:\Program Files\nodejs\;C:\dev\android\sdk\platform-tools;C:\dev\android\sdk\tools;C:\Program Files (x86)\EaseUS\Todo Backup\bin;C:\Program Files (x86)\Heroku\bin;C:\Program Files (x86)\git\cmd;F:\Program Files\MongoDB\Server\3.2\bin;C:\Program Files (x86)\GtkSharp\2.12\bin;C:\Program Files\Microsoft SQL Server\130\Tools\Binn\;C:\Program Files\Java\jdk1.8.0_77\bin;C:\Ruby22-x64\bin;C:\Program Files (x86)\Google\Chrome\Application;C:\Windows\system32;C:\Windows;C:\Windows\System32\Wbem;C:\Windows\System32\WindowsPowerShell\v1.0\;C:\Program Files\WIDCOMM\Bluetooth Software\;C:\Program Files\WIDCOMM\Bluetooth Software\syswow64;C:\Users\luck\AppData\Local\Programs\Git\cmd;C:\Users\luck\AppData\Roaming\npm
10 verbose lifecycle layer-webhooks-examples@1.0.0~start: CWD: F:\dev\projects\examples\layer-test
11 silly lifecycle layer-webhooks-examples@1.0.0~start: Args: [ '/d /s /c',
11 silly lifecycle   'WEBHOOK_SERVER_TASKS=\'inline, basic, receipt\' node server.js' ]
12 silly lifecycle layer-webhooks-examples@1.0.0~start: Returned: code: 1  signal: null
13 info lifecycle layer-webhooks-examples@1.0.0~start: Failed to exec start script
14 verbose stack Error: layer-webhooks-examples@1.0.0 start: `WEBHOOK_SERVER_TASKS='inline, basic, receipt' node server.js`
14 verbose stack Exit status 1
14 verbose stack     at EventEmitter.<anonymous> (C:\Program Files\nodejs\node_modules\npm\lib\utils\lifecycle.js:232:16)
14 verbose stack     at emitTwo (events.js:88:13)
14 verbose stack     at EventEmitter.emit (events.js:173:7)
14 verbose stack     at ChildProcess.<anonymous> (C:\Program Files\nodejs\node_modules\npm\lib\utils\spawn.js:24:14)
14 verbose stack     at emitTwo (events.js:88:13)
14 verbose stack     at ChildProcess.emit (events.js:173:7)
14 verbose stack     at maybeClose (internal/child_process.js:819:16)
14 verbose stack     at Process.ChildProcess._handle.onexit (internal/child_process.js:212:5)
15 verbose pkgid layer-webhooks-examples@1.0.0
16 verbose cwd F:\dev\projects\examples\layer-test
17 error Windows_NT 10.0.10586
18 error argv "C:\\Program Files\\nodejs\\node.exe" "C:\\Program Files\\nodejs\\node_modules\\npm\\bin\\npm-cli.js" "start"
19 error node v5.2.0
20 error npm  v3.3.12
21 error code ELIFECYCLE
22 error layer-webhooks-examples@1.0.0 start: `WEBHOOK_SERVER_TASKS='inline, basic, receipt' node server.js`
22 error Exit status 1
23 error Failed at the layer-webhooks-examples@1.0.0 start script 'WEBHOOK_SERVER_TASKS='inline, basic, receipt' node server.js'.
23 error Make sure you have the latest version of node.js and npm installed.
23 error If you do, this is most likely a problem with the layer-webhooks-examples package,
23 error not with npm itself.
23 error Tell the author that this fails on your system:
23 error     WEBHOOK_SERVER_TASKS='inline, basic, receipt' node server.js
23 error You can get their info via:
23 error     npm owner ls layer-webhooks-examples
23 error There is likely additional logging output above.
24 verbose exit [ 1, true ]
